<?xml version="1.0" encoding="UTF-8"?>
<!-- Generated by org.testng.reporters.JUnitReportReporter -->
<testsuite hostname="DESKTOP-5EVK54D" failures="0" tests="5" name="testngdiscussion.InclusionAndExclusionOfTestCase" time="0.039" errors="0" timestamp="2022-07-28T08:05:07 IST" skipped="0">
  <testcase classname="testngdiscussion.InclusionAndExclusionOfTestCase" name="login" time="0.004"/>
  <system-out/>
  <testcase classname="testngdiscussion.InclusionAndExclusionOfTestCase" name="dashBoard" time="0.002"/>
  <system-out/>
  <testcase classname="testngdiscussion.InclusionAndExclusionOfTestCase" name="logout" time="0.005"/>
  <system-out/>
  <testcase classname="testngdiscussion.InclusionAndExclusionOfTestCase" name="admin" time="0.015"/>
  <system-out/>
  <testcase classname="testngdiscussion.InclusionAndExclusionOfTestCase" name="home" time="0.013"/>
  <system-out/>
</testsuite> <!-- testngdiscussion.InclusionAndExclusionOfTestCase -->
