<?xml version="1.0" encoding="UTF-8"?>
<!-- Generated by org.testng.reporters.JUnitReportReporter -->
<testsuite hostname="DESKTOP-5EVK54D" failures="0" tests="2" name="testngdiscussion.LoginTest" time="0.032" errors="0" timestamp="2022-07-25T08:15:18 IST" skipped="0">
  <testcase classname="testngdiscussion.LoginTest" name="verifyTitle" time="0.013"/>
  <system-out/>
  <testcase classname="testngdiscussion.LoginTest" name="loginWithCorrectCreds" time="0.019"/>
  <system-out/>
</testsuite> <!-- testngdiscussion.LoginTest -->
