<?xml version="1.0" encoding="UTF-8"?>
<!-- Generated by org.testng.reporters.JUnitReportReporter -->
<testsuite hostname="DESKTOP-5EVK54D" failures="0" tests="3" name="testngdiscussion.ReporterClassUsage" time="0.039" errors="0" timestamp="2022-07-23T19:41:36 IST" skipped="0">
  <testcase classname="testngdiscussion.ReporterClassUsage" name="home" time="0.011"/>
  <system-out>
    <![CDATA[Home Test case]]>
  </system-out>
  <testcase classname="testngdiscussion.ReporterClassUsage" name="dashBoard" time="0.020"/>
  <system-out>
    <![CDATA[Dashboard Test case]]>
  </system-out>
  <testcase classname="testngdiscussion.ReporterClassUsage" name="logout" time="0.008"/>
  <system-out>
    <![CDATA[Logout Test case]]>
  </system-out>
</testsuite> <!-- testngdiscussion.ReporterClassUsage -->
