<?xml version="1.0" encoding="UTF-8"?>
<!-- Generated by org.testng.reporters.JUnitReportReporter -->
<testsuite hostname="DESKTOP-5EVK54D" failures="0" tests="1" name="testngdiscussion.TimeOutKeyword" time="17.024" errors="0" timestamp="2022-07-23T19:25:41 IST" skipped="0">
  <testcase classname="testngdiscussion.TimeOutKeyword" name="dashBoard" time="17.024"/>
  <system-out/>
</testsuite> <!-- testngdiscussion.TimeOutKeyword -->
