<?xml version="1.0" encoding="UTF-8"?>
<!-- Generated by org.testng.reporters.JUnitReportReporter -->
<testsuite hostname="DESKTOP-5EVK54D" failures="0" tests="2" name="testngdiscussion.Parameterization2" time="16.701" errors="0" timestamp="2022-08-02T08:48:34 IST" skipped="0">
  <testcase classname="testngdiscussion.Parameterization2" name="launchURL" time="12.294"/>
  <system-out/>
  <testcase classname="testngdiscussion.Parameterization2" name="searchMobile" time="4.407"/>
  <system-out/>
</testsuite> <!-- testngdiscussion.Parameterization2 -->
