<?xml version="1.0" encoding="UTF-8"?>
<!-- Generated by org.testng.reporters.JUnitReportReporter -->
<testsuite hostname="DESKTOP-5EVK54D" failures="0" tests="3" name="pageobjectmodel.Checkout" time="55.460" errors="0" timestamp="2022-08-04T07:46:36 IST" skipped="0">
  <testcase classname="pageobjectmodel.Checkout" name="navToURL" time="10.157"/>
  <system-out/>
  <testcase classname="pageobjectmodel.Checkout" name="searchTest" time="15.026"/>
  <system-out/>
  <testcase classname="pageobjectmodel.Checkout" name="clickOnProductAndAdd" time="30.277"/>
  <system-out/>
</testsuite> <!-- pageobjectmodel.Checkout -->
