<?xml version="1.0" encoding="UTF-8"?>
<!-- Generated by org.testng.reporters.JUnitReportReporter -->
<testsuite hostname="DESKTOP-5EVK54D" failures="0" tests="2" name="testngdiscussion.ParallelClassExecution" time="0.027" errors="0" timestamp="2022-08-02T07:45:34 IST" skipped="0">
  <testcase classname="testngdiscussion.ParallelClassExecution" name="testCase2" time="0.003"/>
  <system-out/>
  <testcase classname="testngdiscussion.ParallelClassExecution" name="testCase1" time="0.024"/>
  <system-out/>
</testsuite> <!-- testngdiscussion.ParallelClassExecution -->
