<?xml version="1.0" encoding="UTF-8"?>
<!-- Generated by org.testng.reporters.JUnitReportReporter -->
<testsuite hostname="DESKTOP-5EVK54D" failures="0" tests="3" name="testngdiscussion.AmazonListenersTest" time="35.859" errors="0" timestamp="2022-08-03T09:04:01 IST" skipped="0">
  <testcase classname="testngdiscussion.AmazonListenersTest" name="navToURL" time="8.496"/>
  <system-out/>
  <testcase classname="testngdiscussion.AmazonListenersTest" name="searchTest" time="5.226"/>
  <system-out/>
  <testcase classname="testngdiscussion.AmazonListenersTest" name="clickOnProductAndAdd" time="22.137"/>
  <system-out/>
</testsuite> <!-- testngdiscussion.AmazonListenersTest -->
