<?xml version="1.0" encoding="UTF-8"?>
<!-- Generated by org.testng.reporters.JUnitReportReporter -->
<testsuite hostname="DESKTOP-5EVK54D" failures="0" tests="5" name="testngdiscussion.Priority" time="0.043" errors="0" timestamp="2022-07-23T19:10:34 IST" skipped="0">
  <testcase classname="testngdiscussion.Priority" name="login" time="0.004"/>
  <system-out/>
  <testcase classname="testngdiscussion.Priority" name="home" time="0.021"/>
  <system-out/>
  <testcase classname="testngdiscussion.Priority" name="profile" time="0.004"/>
  <system-out/>
  <testcase classname="testngdiscussion.Priority" name="dashBoard" time="0.007"/>
  <system-out/>
  <testcase classname="testngdiscussion.Priority" name="logout" time="0.007"/>
  <system-out/>
</testsuite> <!-- testngdiscussion.Priority -->
