<?xml version="1.0" encoding="UTF-8"?>
<!-- Generated by org.testng.reporters.JUnitReportReporter -->
<testsuite hostname="DESKTOP-5EVK54D" failures="0" tests="1" name="testngdiscussion.SoftAssertDisc" time="10.997" errors="0" timestamp="2022-07-29T08:57:53 IST" skipped="0">
  <testcase classname="testngdiscussion.SoftAssertDisc" name="validateTitle" time="10.997"/>
  <system-out/>
</testsuite> <!-- testngdiscussion.SoftAssertDisc -->
