<?xml version="1.0" encoding="UTF-8"?>
<!-- Generated by org.testng.reporters.JUnitReportReporter -->
<testsuite hostname="DESKTOP-5EVK54D" failures="0" tests="3" name="testngdiscussion.AmazonListenersTest" time="20.618" errors="0" timestamp="2022-07-30T20:08:13 IST" skipped="0">
  <testcase classname="testngdiscussion.AmazonListenersTest" name="navToURL" time="12.108"/>
  <system-out/>
  <testcase classname="testngdiscussion.AmazonListenersTest" name="searchTest" time="6.115"/>
  <system-out/>
  <testcase classname="testngdiscussion.AmazonListenersTest" name="clickOnProduct" time="2.395"/>
  <system-out/>
</testsuite> <!-- testngdiscussion.AmazonListenersTest -->
