<?xml version="1.0" encoding="UTF-8"?>
<!-- Generated by org.testng.reporters.JUnitReportReporter -->
<testsuite hostname="DESKTOP-5EVK54D" failures="0" tests="3" name="testngdiscussion.EnabledKeyword" time="0.041" errors="0" timestamp="2022-07-23T19:31:58 IST" skipped="0">
  <testcase classname="testngdiscussion.EnabledKeyword" name="logout" time="0.006"/>
  <system-out/>
  <testcase classname="testngdiscussion.EnabledKeyword" name="home" time="0.014"/>
  <system-out/>
  <testcase classname="testngdiscussion.EnabledKeyword" name="dashBoard" time="0.021"/>
  <system-out/>
</testsuite> <!-- testngdiscussion.EnabledKeyword -->
