<?xml version="1.0" encoding="UTF-8"?>
<!-- Generated by org.testng.reporters.JUnitReportReporter -->
<testsuite hostname="DESKTOP-5EVK54D" failures="0" tests="2" name="testngdiscussion.DashBoardTest" time="0.017" errors="0" timestamp="2022-07-23T20:04:54 IST" skipped="0">
  <testcase classname="testngdiscussion.DashBoardTest" name="adminTab" time="0.009"/>
  <system-out/>
  <testcase classname="testngdiscussion.DashBoardTest" name="profileTab" time="0.008"/>
  <system-out/>
</testsuite> <!-- testngdiscussion.DashBoardTest -->
