<?xml version="1.0" encoding="UTF-8"?>
<!-- Generated by org.testng.reporters.JUnitReportReporter -->
<testsuite hostname="DESKTOP-5EVK54D" failures="0" tests="2" name="testcases.LoginTest" time="0.820" errors="0" timestamp="2022-08-04T08:56:05 IST" skipped="0">
  <testcase classname="testcases.LoginTest" name="validateLogin" time="0.803"/>
  <system-out/>
  <testcase classname="testcases.LoginTest" name="validateTitle" time="0.017"/>
  <system-out/>
</testsuite> <!-- testcases.LoginTest -->
