<?xml version="1.0" encoding="UTF-8"?>
<!-- Generated by org.testng.reporters.JUnitReportReporter -->
<testsuite hostname="DESKTOP-5EVK54D" failures="0" tests="2" name="testngdiscussion.Annotations2" time="0.012" errors="0" timestamp="2022-07-26T07:40:20 IST" skipped="0">
  <testcase classname="testngdiscussion.Annotations2" name="home" time="0.003"/>
  <system-out/>
  <testcase classname="testngdiscussion.Annotations2" name="dashBoard" time="0.009"/>
  <system-out/>
</testsuite> <!-- testngdiscussion.Annotations2 -->
