<?xml version="1.0" encoding="UTF-8"?>
<!-- Generated by org.testng.reporters.JUnitReportReporter -->
<testsuite hostname="DESKTOP-5EVK54D" failures="0" tests="2" name="testngdiscussion.GroupingOfTestCase" time="0.023" errors="0" timestamp="2022-07-28T08:42:50 IST" skipped="0">
  <testcase classname="testngdiscussion.GroupingOfTestCase" name="home" time="0.020"/>
  <system-out/>
  <testcase classname="testngdiscussion.GroupingOfTestCase" name="logout" time="0.003"/>
  <system-out/>
</testsuite> <!-- testngdiscussion.GroupingOfTestCase -->
