<?xml version="1.0" encoding="UTF-8"?>
<!-- Generated by org.testng.reporters.JUnitReportReporter -->
<testsuite hostname="DESKTOP-5EVK54D" failures="0" tests="2" name="testngdiscussion.Parameterization3" time="44.421" errors="0" timestamp="2022-08-03T08:14:40 IST" skipped="0">
  <testcase classname="testngdiscussion.Parameterization3" name="launchURL" time="26.891"/>
  <system-out/>
  <testcase classname="testngdiscussion.Parameterization3" name="launchURL" time="17.530"/>
  <system-out/>
</testsuite> <!-- testngdiscussion.Parameterization3 -->
