<?xml version="1.0" encoding="UTF-8"?>
<!-- Generated by org.testng.reporters.JUnitReportReporter -->
<testsuite hostname="DESKTOP-5EVK54D" failures="0" tests="2" name="testngdiscussion.Annotations" time="0.045" errors="0" timestamp="2022-07-26T07:40:20 IST" skipped="0">
  <testcase classname="testngdiscussion.Annotations" name="profile" time="0.005"/>
  <system-out/>
  <testcase classname="testngdiscussion.Annotations" name="checkBoxTest" time="0.040"/>
  <system-out/>
</testsuite> <!-- testngdiscussion.Annotations -->
