<?xml version="1.0" encoding="UTF-8"?>
<!-- Generated by org.testng.reporters.JUnitReportReporter -->
<testsuite hostname="DESKTOP-5EVK54D" failures="0" tests="2" name="testngdiscussion.DependsOnMethods2" time="0.009" errors="0" timestamp="2022-07-28T07:49:38 IST" skipped="1">
  <testcase classname="testngdiscussion.DependsOnMethods2" name="closeBrowser" time="0.000">
    <skipped/>
  </testcase> <!-- closeBrowser -->
  <system-out/>
  <testcase classname="testngdiscussion.DependsOnMethods2" name="initiatingWindow" time="0.009"/>
  <system-out/>
</testsuite> <!-- testngdiscussion.DependsOnMethods2 -->
