<?xml version="1.0" encoding="UTF-8"?>
<!-- Generated by org.testng.reporters.JUnitReportReporter -->
<testsuite hostname="DESKTOP-5EVK54D" failures="0" tests="1" name="testngdiscussion.ActualAnnotationExample" time="0.018" errors="0" timestamp="2022-07-26T08:01:17 IST" skipped="0">
  <testcase classname="testngdiscussion.ActualAnnotationExample" name="checkboxTest" time="0.018"/>
  <system-out/>
</testsuite> <!-- testngdiscussion.ActualAnnotationExample -->
