<?xml version="1.0" encoding="UTF-8"?>
<!-- Generated by org.testng.reporters.JUnitReportReporter -->
<testsuite hostname="DESKTOP-5EVK54D" failures="0" tests="1" name="testngdiscussion.AbTest" time="0.017" errors="0" timestamp="2022-08-01T07:34:35 IST" skipped="0">
  <testcase classname="testngdiscussion.AbTest" name="m1" time="0.017"/>
  <system-out/>
</testsuite> <!-- testngdiscussion.AbTest -->
