<?xml version="1.0" encoding="UTF-8"?>
<!-- Generated by org.testng.reporters.JUnitReportReporter -->
<testsuite hostname="DESKTOP-5EVK54D" failures="0" tests="2" name="testngdiscussion.ParallelTestCaseExecution" time="22.946" errors="0" timestamp="2022-08-01T08:54:40 IST" skipped="0">
  <testcase classname="testngdiscussion.ParallelTestCaseExecution" name="launchFirefox" time="13.194"/>
  <system-out/>
  <testcase classname="testngdiscussion.ParallelTestCaseExecution" name="launchChrome" time="9.752"/>
  <system-out/>
</testsuite> <!-- testngdiscussion.ParallelTestCaseExecution -->
