<?xml version="1.0" encoding="UTF-8"?>
<!-- Generated by org.testng.reporters.JUnitReportReporter -->
<testsuite hostname="DESKTOP-5EVK54D" failures="0" tests="2" name="testngdiscussion.LoginTest" time="0.025" errors="0" timestamp="2022-07-23T20:04:54 IST" skipped="0">
  <testcase classname="testngdiscussion.LoginTest" name="loginWithCorrectCreds" time="0.020"/>
  <system-out/>
  <testcase classname="testngdiscussion.LoginTest" name="verifyTitle" time="0.005"/>
  <system-out/>
</testsuite> <!-- testngdiscussion.LoginTest -->
