<?xml version="1.0" encoding="UTF-8"?>
<!-- Generated by org.testng.reporters.JUnitReportReporter -->
<testsuite hostname="DESKTOP-5EVK54D" failures="0" tests="8" name="testngdiscussion.InvocationCountKeyword" time="0.067" errors="0" timestamp="2022-07-23T19:48:04 IST" skipped="0">
  <testcase classname="testngdiscussion.InvocationCountKeyword" name="home" time="0.007"/>
  <system-out/>
  <testcase classname="testngdiscussion.InvocationCountKeyword" name="dashBoard" time="0.023"/>
  <system-out/>
  <testcase classname="testngdiscussion.InvocationCountKeyword" name="logout" time="0.004"/>
  <system-out/>
  <testcase classname="testngdiscussion.InvocationCountKeyword" name="title" time="0.003"/>
  <system-out/>
  <testcase classname="testngdiscussion.InvocationCountKeyword" name="title" time="0.011"/>
  <system-out/>
  <testcase classname="testngdiscussion.InvocationCountKeyword" name="title" time="0.006"/>
  <system-out/>
  <testcase classname="testngdiscussion.InvocationCountKeyword" name="title" time="0.007"/>
  <system-out/>
  <testcase classname="testngdiscussion.InvocationCountKeyword" name="title" time="0.006"/>
  <system-out/>
</testsuite> <!-- testngdiscussion.InvocationCountKeyword -->
