<?xml version="1.0" encoding="UTF-8"?>
<!-- Generated by org.testng.reporters.JUnitReportReporter -->
<testsuite hostname="DESKTOP-5EVK54D" failures="0" tests="3" name="testngdiscussion.AmazonListenersTest2" time="29.038" errors="0" timestamp="2022-08-01T20:36:06 IST" skipped="0">
  <testcase classname="testngdiscussion.AmazonListenersTest2" name="navToURL" time="6.667"/>
  <system-out/>
  <testcase classname="testngdiscussion.AmazonListenersTest2" name="searchTest" time="5.342"/>
  <system-out/>
  <testcase classname="testngdiscussion.AmazonListenersTest2" name="clickOnProduct" time="17.029"/>
  <system-out/>
</testsuite> <!-- testngdiscussion.AmazonListenersTest2 -->
