<?xml version="1.0" encoding="UTF-8"?>
<!-- Generated by org.testng.reporters.JUnitReportReporter -->
<testsuite hostname="DESKTOP-5EVK54D" failures="0" tests="1" name="testngdiscussion.Sample" time="0.019" errors="0" timestamp="2022-07-26T08:11:02 IST" skipped="0">
  <testcase classname="testngdiscussion.Sample" name="testCase" time="0.019"/>
  <system-out/>
</testsuite> <!-- testngdiscussion.Sample -->
