<?xml version="1.0" encoding="UTF-8"?>
<!-- Generated by org.testng.reporters.JUnitReportReporter -->
<testsuite hostname="DESKTOP-5EVK54D" failures="0" tests="2" name="pageobjectmodel.SearchProduct" time="20.604" errors="0" timestamp="2022-08-04T07:46:36 IST" skipped="0">
  <testcase classname="pageobjectmodel.SearchProduct" name="navToURL" time="14.684"/>
  <system-out/>
  <testcase classname="pageobjectmodel.SearchProduct" name="searchTest" time="5.920"/>
  <system-out/>
</testsuite> <!-- pageobjectmodel.SearchProduct -->
