<?xml version="1.0" encoding="UTF-8"?>
<!-- Generated by org.testng.reporters.JUnitReportReporter -->
<testsuite hostname="DESKTOP-5EVK54D" failures="0" tests="2" name="testngdiscussion.ParallelClassExecution2" time="0.030" errors="0" timestamp="2022-08-02T07:45:34 IST" skipped="0">
  <testcase classname="testngdiscussion.ParallelClassExecution2" name="testCase3" time="0.026"/>
  <system-out/>
  <testcase classname="testngdiscussion.ParallelClassExecution2" name="testCase4" time="0.004"/>
  <system-out/>
</testsuite> <!-- testngdiscussion.ParallelClassExecution2 -->
