<?xml version="1.0" encoding="UTF-8"?>
<!-- Generated by org.testng.reporters.JUnitReportReporter -->
<testsuite hostname="DESKTOP-5EVK54D" failures="0" tests="4" name="testngdiscussion.Priority" time="0.036" errors="0" timestamp="2022-07-22T08:55:46 IST" skipped="0">
  <testcase classname="testngdiscussion.Priority" name="login" time="0.018"/>
  <system-out/>
  <testcase classname="testngdiscussion.Priority" name="home" time="0.005"/>
  <system-out/>
  <testcase classname="testngdiscussion.Priority" name="dashBoard" time="0.005"/>
  <system-out/>
  <testcase classname="testngdiscussion.Priority" name="logout" time="0.008"/>
  <system-out/>
</testsuite> <!-- testngdiscussion.Priority -->
