<?xml version="1.0" encoding="UTF-8"?>
<!-- Generated by org.testng.reporters.JUnitReportReporter -->
<testsuite hostname="DESKTOP-5EVK54D" failures="0" tests="1" name="testngdiscussion.GroupingOfTestCase2" time="0.005" errors="0" timestamp="2022-07-28T08:42:50 IST" skipped="0">
  <testcase classname="testngdiscussion.GroupingOfTestCase2" name="viewProfile" time="0.005"/>
  <system-out/>
</testsuite> <!-- testngdiscussion.GroupingOfTestCase2 -->
